<?xml version="1.0" encoding="UTF-8"?>
<!-- Generated by org.testng.reporters.JUnitReportReporter -->
<testsuite hostname="LAPTOP-M6PCAQGD" failures="0" tests="3" name="RunTest.TestClass" time="57.551" errors="0" timestamp="2021-04-20T17:47:00 IST" skipped="0">
  <testcase classname="RunTest.TestClass" name="getHospitalNames" time="31.236"/>
  <system-out/>
  <testcase classname="RunTest.TestClass" name="Diagnosticpage" time="7.394"/>
  <system-out/>
  <testcase classname="RunTest.TestClass" name="CopWelleness" time="18.921"/>
  <system-out/>
</testsuite> <!-- RunTest.TestClass -->
